INFO: [VRFC 10-2263] Analyzing Verilog file "C:/Users/Alireza/kos/micro.sim/sim_1/behav/xsim/glbl.v" into library xil_defaultlib
INFO: [VRFC 10-311] analyzing module glbl
INFO: [VRFC 10-163] Analyzing VHDL file "C:/Users/Alireza/kos/micro.ip_user_files/bd/MICRO/ip/MICRO_microblaze_0_0/sim/MICRO_microblaze_0_0.vhd" into library xil_defaultlib
INFO: [VRFC 10-3107] analyzing entity 'MICRO_microblaze_0_0'
INFO: [VRFC 10-163] Analyzing VHDL file "C:/Users/Alireza/kos/micro.ip_user_files/bd/MICRO/ip/MICRO_dlmb_v10_0/sim/MICRO_dlmb_v10_0.vhd" into library xil_defaultlib
INFO: [VRFC 10-3107] analyzing entity 'MICRO_dlmb_v10_0'
INFO: [VRFC 10-163] Analyzing VHDL file "C:/Users/Alireza/kos/micro.ip_user_files/bd/MICRO/ip/MICRO_ilmb_v10_0/sim/MICRO_ilmb_v10_0.vhd" into library xil_defaultlib
INFO: [VRFC 10-3107] analyzing entity 'MICRO_ilmb_v10_0'
INFO: [VRFC 10-163] Analyzing VHDL file "C:/Users/Alireza/kos/micro.ip_user_files/bd/MICRO/ip/MICRO_dlmb_bram_if_cntlr_0/sim/MICRO_dlmb_bram_if_cntlr_0.vhd" into library xil_defaultlib
INFO: [VRFC 10-3107] analyzing entity 'MICRO_dlmb_bram_if_cntlr_0'
INFO: [VRFC 10-163] Analyzing VHDL file "C:/Users/Alireza/kos/micro.ip_user_files/bd/MICRO/ip/MICRO_ilmb_bram_if_cntlr_0/sim/MICRO_ilmb_bram_if_cntlr_0.vhd" into library xil_defaultlib
INFO: [VRFC 10-3107] analyzing entity 'MICRO_ilmb_bram_if_cntlr_0'
INFO: [VRFC 10-163] Analyzing VHDL file "C:/Users/Alireza/kos/micro.ip_user_files/bd/MICRO/ip/MICRO_lmb_bram_0/MICRO_lmb_bram_0_sim_netlist.vhdl" into library xil_defaultlib
INFO: [VRFC 10-3107] analyzing entity 'MICRO_lmb_bram_0_blk_mem_gen_prim_wrapper'
INFO: [VRFC 10-3107] analyzing entity '\MICRO_lmb_bram_0_blk_mem_gen_prim_wrapper__parameterized0\'
INFO: [VRFC 10-3107] analyzing entity '\MICRO_lmb_bram_0_blk_mem_gen_prim_wrapper__parameterized1\'
INFO: [VRFC 10-3107] analyzing entity '\MICRO_lmb_bram_0_blk_mem_gen_prim_wrapper__parameterized10\'
INFO: [VRFC 10-3107] analyzing entity '\MICRO_lmb_bram_0_blk_mem_gen_prim_wrapper__parameterized11\'
INFO: [VRFC 10-3107] analyzing entity '\MICRO_lmb_bram_0_blk_mem_gen_prim_wrapper__parameterized12\'
INFO: [VRFC 10-3107] analyzing entity '\MICRO_lmb_bram_0_blk_mem_gen_prim_wrapper__parameterized13\'
INFO: [VRFC 10-3107] analyzing entity '\MICRO_lmb_bram_0_blk_mem_gen_prim_wrapper__parameterized14\'
INFO: [VRFC 10-3107] analyzing entity '\MICRO_lmb_bram_0_blk_mem_gen_prim_wrapper__parameterized2\'
INFO: [VRFC 10-3107] analyzing entity '\MICRO_lmb_bram_0_blk_mem_gen_prim_wrapper__parameterized3\'
INFO: [VRFC 10-3107] analyzing entity '\MICRO_lmb_bram_0_blk_mem_gen_prim_wrapper__parameterized4\'
INFO: [VRFC 10-3107] analyzing entity '\MICRO_lmb_bram_0_blk_mem_gen_prim_wrapper__parameterized5\'
INFO: [VRFC 10-3107] analyzing entity '\MICRO_lmb_bram_0_blk_mem_gen_prim_wrapper__parameterized6\'
INFO: [VRFC 10-3107] analyzing entity '\MICRO_lmb_bram_0_blk_mem_gen_prim_wrapper__parameterized7\'
INFO: [VRFC 10-3107] analyzing entity '\MICRO_lmb_bram_0_blk_mem_gen_prim_wrapper__parameterized8\'
INFO: [VRFC 10-3107] analyzing entity '\MICRO_lmb_bram_0_blk_mem_gen_prim_wrapper__parameterized9\'
INFO: [VRFC 10-3107] analyzing entity 'MICRO_lmb_bram_0_blk_mem_gen_prim_width'
INFO: [VRFC 10-3107] analyzing entity '\MICRO_lmb_bram_0_blk_mem_gen_prim_width__parameterized0\'
INFO: [VRFC 10-3107] analyzing entity '\MICRO_lmb_bram_0_blk_mem_gen_prim_width__parameterized1\'
INFO: [VRFC 10-3107] analyzing entity '\MICRO_lmb_bram_0_blk_mem_gen_prim_width__parameterized10\'
INFO: [VRFC 10-3107] analyzing entity '\MICRO_lmb_bram_0_blk_mem_gen_prim_width__parameterized11\'
INFO: [VRFC 10-3107] analyzing entity '\MICRO_lmb_bram_0_blk_mem_gen_prim_width__parameterized12\'
INFO: [VRFC 10-3107] analyzing entity '\MICRO_lmb_bram_0_blk_mem_gen_prim_width__parameterized13\'
INFO: [VRFC 10-3107] analyzing entity '\MICRO_lmb_bram_0_blk_mem_gen_prim_width__parameterized14\'
INFO: [VRFC 10-3107] analyzing entity '\MICRO_lmb_bram_0_blk_mem_gen_prim_width__parameterized2\'
INFO: [VRFC 10-3107] analyzing entity '\MICRO_lmb_bram_0_blk_mem_gen_prim_width__parameterized3\'
INFO: [VRFC 10-3107] analyzing entity '\MICRO_lmb_bram_0_blk_mem_gen_prim_width__parameterized4\'
INFO: [VRFC 10-3107] analyzing entity '\MICRO_lmb_bram_0_blk_mem_gen_prim_width__parameterized5\'
INFO: [VRFC 10-3107] analyzing entity '\MICRO_lmb_bram_0_blk_mem_gen_prim_width__parameterized6\'
INFO: [VRFC 10-3107] analyzing entity '\MICRO_lmb_bram_0_blk_mem_gen_prim_width__parameterized7\'
INFO: [VRFC 10-3107] analyzing entity '\MICRO_lmb_bram_0_blk_mem_gen_prim_width__parameterized8\'
INFO: [VRFC 10-3107] analyzing entity '\MICRO_lmb_bram_0_blk_mem_gen_prim_width__parameterized9\'
INFO: [VRFC 10-3107] analyzing entity 'MICRO_lmb_bram_0_blk_mem_gen_generic_cstr'
INFO: [VRFC 10-3107] analyzing entity 'MICRO_lmb_bram_0_blk_mem_gen_top'
INFO: [VRFC 10-3107] analyzing entity 'MICRO_lmb_bram_0_blk_mem_gen_v8_4_3_synth'
INFO: [VRFC 10-3107] analyzing entity 'MICRO_lmb_bram_0_blk_mem_gen_v8_4_3'
INFO: [VRFC 10-3107] analyzing entity 'MICRO_lmb_bram_0'
INFO: [VRFC 10-163] Analyzing VHDL file "C:/Users/Alireza/kos/micro.ip_user_files/bd/MICRO/ip/MICRO_mdm_1_0/sim/MICRO_mdm_1_0.vhd" into library xil_defaultlib
INFO: [VRFC 10-3107] analyzing entity 'MICRO_mdm_1_0'
INFO: [VRFC 10-163] Analyzing VHDL file "C:/Users/Alireza/kos/micro.ip_user_files/bd/MICRO/ip/MICRO_clk_wiz_1_0/MICRO_clk_wiz_1_0_sim_netlist.vhdl" into library xil_defaultlib
INFO: [VRFC 10-3107] analyzing entity 'MICRO_clk_wiz_1_0_MICRO_clk_wiz_1_0_clk_wiz'
INFO: [VRFC 10-3107] analyzing entity 'MICRO_clk_wiz_1_0'
INFO: [VRFC 10-163] Analyzing VHDL file "C:/Users/Alireza/kos/micro.ip_user_files/bd/MICRO/ip/MICRO_rst_clk_wiz_1_100M_0/sim/MICRO_rst_clk_wiz_1_100M_0.vhd" into library xil_defaultlib
INFO: [VRFC 10-3107] analyzing entity 'MICRO_rst_clk_wiz_1_100M_0'
INFO: [VRFC 10-163] Analyzing VHDL file "C:/Users/Alireza/kos/micro.ip_user_files/bd/MICRO/ip/MICRO_axi_gpio_0_0/sim/MICRO_axi_gpio_0_0.vhd" into library xil_defaultlib
INFO: [VRFC 10-3107] analyzing entity 'MICRO_axi_gpio_0_0'
INFO: [VRFC 10-163] Analyzing VHDL file "C:/Users/Alireza/kos/micro.ip_user_files/bd/MICRO/ip/MICRO_axi_gpio_1_0/sim/MICRO_axi_gpio_1_0.vhd" into library xil_defaultlib
INFO: [VRFC 10-3107] analyzing entity 'MICRO_axi_gpio_1_0'
INFO: [VRFC 10-163] Analyzing VHDL file "C:/Users/Alireza/kos/micro.ip_user_files/bd/MICRO/ip/MICRO_axi_gpio_2_0/sim/MICRO_axi_gpio_2_0.vhd" into library xil_defaultlib
INFO: [VRFC 10-3107] analyzing entity 'MICRO_axi_gpio_2_0'
INFO: [VRFC 10-163] Analyzing VHDL file "C:/Users/Alireza/kos/micro.ip_user_files/bd/MICRO/ip/MICRO_axi_gpio_3_0/sim/MICRO_axi_gpio_3_0.vhd" into library xil_defaultlib
INFO: [VRFC 10-3107] analyzing entity 'MICRO_axi_gpio_3_0'
INFO: [VRFC 10-163] Analyzing VHDL file "C:/Users/Alireza/kos/micro.ip_user_files/bd/MICRO/ip/MICRO_axi_gpio_4_0/sim/MICRO_axi_gpio_4_0.vhd" into library xil_defaultlib
INFO: [VRFC 10-3107] analyzing entity 'MICRO_axi_gpio_4_0'
INFO: [VRFC 10-163] Analyzing VHDL file "C:/Users/Alireza/kos/micro.ip_user_files/bd/MICRO/ip/MICRO_xbar_1/MICRO_xbar_1_sim_netlist.vhdl" into library xil_defaultlib
INFO: [VRFC 10-3107] analyzing entity 'MICRO_xbar_1_axi_crossbar_v2_1_20_addr_arbiter_sasd'
INFO: [VRFC 10-3107] analyzing entity 'MICRO_xbar_1_axi_crossbar_v2_1_20_decerr_slave'
INFO: [VRFC 10-3107] analyzing entity 'MICRO_xbar_1_axi_crossbar_v2_1_20_splitter'
INFO: [VRFC 10-3107] analyzing entity '\MICRO_xbar_1_axi_crossbar_v2_1_20_splitter__parameterized0\'
INFO: [VRFC 10-3107] analyzing entity 'MICRO_xbar_1_axi_register_slice_v2_1_19_axic_register_slice'
INFO: [VRFC 10-3107] analyzing entity 'MICRO_xbar_1_axi_crossbar_v2_1_20_crossbar_sasd'
INFO: [VRFC 10-3107] analyzing entity 'MICRO_xbar_1_axi_crossbar_v2_1_20_axi_crossbar'
INFO: [VRFC 10-3107] analyzing entity 'MICRO_xbar_1'
INFO: [VRFC 10-163] Analyzing VHDL file "C:/Users/Alireza/kos/micro.ip_user_files/bd/MICRO/ip/MICRO_axi_uartlite_0_0/sim/MICRO_axi_uartlite_0_0.vhd" into library xil_defaultlib
INFO: [VRFC 10-3107] analyzing entity 'MICRO_axi_uartlite_0_0'
INFO: [VRFC 10-163] Analyzing VHDL file "C:/Users/Alireza/kos/micro.srcs/sources_1/bd/MICRO/ipshared/5ab7/hdl/vhdl/inverse_divisor_CTRL_BUS_s_axi.vhd" into library xil_defaultlib
INFO: [VRFC 10-3107] analyzing entity 'inverse_divisor_CTRL_BUS_s_axi'
INFO: [VRFC 10-163] Analyzing VHDL file "C:/Users/Alireza/kos/micro.srcs/sources_1/bd/MICRO/ipshared/5ab7/hdl/vhdl/inverse_divisor_ddEe.vhd" into library xil_defaultlib
INFO: [VRFC 10-3107] analyzing entity 'inverse_divisor_ddEe'
INFO: [VRFC 10-163] Analyzing VHDL file "C:/Users/Alireza/kos/micro.srcs/sources_1/bd/MICRO/ipshared/5ab7/hdl/vhdl/inverse_divisor_deOg.vhd" into library xil_defaultlib
INFO: [VRFC 10-3107] analyzing entity 'inverse_divisor_deOg'
INFO: [VRFC 10-163] Analyzing VHDL file "C:/Users/Alireza/kos/micro.srcs/sources_1/bd/MICRO/ipshared/5ab7/hdl/vhdl/inverse_divisor_mbkb.vhd" into library xil_defaultlib
INFO: [VRFC 10-3107] analyzing entity 'inverse_divisor_mbkb_rom'
INFO: [VRFC 10-3107] analyzing entity 'inverse_divisor_mbkb'
INFO: [VRFC 10-163] Analyzing VHDL file "C:/Users/Alireza/kos/micro.srcs/sources_1/bd/MICRO/ipshared/5ab7/hdl/vhdl/inverse_divisor_ocud.vhd" into library xil_defaultlib
INFO: [VRFC 10-3107] analyzing entity 'inverse_divisor_ocud_rom'
INFO: [VRFC 10-3107] analyzing entity 'inverse_divisor_ocud'
INFO: [VRFC 10-163] Analyzing VHDL file "C:/Users/Alireza/kos/micro.srcs/sources_1/bd/MICRO/ipshared/5ab7/hdl/vhdl/inverse_divisor_ufYi.vhd" into library xil_defaultlib
INFO: [VRFC 10-3107] analyzing entity 'inverse_divisor_ufYi'
INFO: [VRFC 10-163] Analyzing VHDL file "C:/Users/Alireza/kos/micro.srcs/sources_1/bd/MICRO/ipshared/5ab7/hdl/vhdl/inverse_divisor.vhd" into library xil_defaultlib
INFO: [VRFC 10-3107] analyzing entity 'inverse_divisor'
INFO: [VRFC 10-163] Analyzing VHDL file "C:/Users/Alireza/kos/micro.srcs/sources_1/bd/MICRO/ipshared/5ab7/hdl/ip/inverse_divisor_ap_ddiv_29_no_dsp_64.vhd" into library xil_defaultlib
INFO: [VRFC 10-3107] analyzing entity 'inverse_divisor_ap_ddiv_29_no_dsp_64'
INFO: [VRFC 10-163] Analyzing VHDL file "C:/Users/Alireza/kos/micro.srcs/sources_1/bd/MICRO/ipshared/5ab7/hdl/ip/inverse_divisor_ap_dmul_3_max_dsp_64.vhd" into library xil_defaultlib
INFO: [VRFC 10-3107] analyzing entity 'inverse_divisor_ap_dmul_3_max_dsp_64'
INFO: [VRFC 10-163] Analyzing VHDL file "C:/Users/Alireza/kos/micro.srcs/sources_1/bd/MICRO/ipshared/5ab7/hdl/ip/inverse_divisor_ap_uitodp_3_no_dsp_32.vhd" into library xil_defaultlib
INFO: [VRFC 10-3107] analyzing entity 'inverse_divisor_ap_uitodp_3_no_dsp_32'
INFO: [VRFC 10-163] Analyzing VHDL file "C:/Users/Alireza/kos/micro.ip_user_files/bd/MICRO/ip/MICRO_inverse_divisor_0_0/sim/MICRO_inverse_divisor_0_0.vhd" into library xil_defaultlib
INFO: [VRFC 10-3107] analyzing entity 'MICRO_inverse_divisor_0_0'
INFO: [VRFC 10-163] Analyzing VHDL file "C:/Users/Alireza/kos/micro.ip_user_files/bd/MICRO/sim/MICRO.vhd" into library xil_defaultlib
INFO: [VRFC 10-3107] analyzing entity 'm00_couplers_imp_IXVNM6'
INFO: [VRFC 10-3107] analyzing entity 'm01_couplers_imp_1YEBS86'
INFO: [VRFC 10-3107] analyzing entity 'm02_couplers_imp_1TP1FXB'
INFO: [VRFC 10-3107] analyzing entity 'm03_couplers_imp_NNHL4N'
INFO: [VRFC 10-3107] analyzing entity 'm04_couplers_imp_1L85UST'
INFO: [VRFC 10-3107] analyzing entity 'm05_couplers_imp_X8BLC5'
INFO: [VRFC 10-3107] analyzing entity 'm06_couplers_imp_SI2HFG'
INFO: [VRFC 10-3107] analyzing entity 'microblaze_0_local_memory_imp_15R0ZTE'
INFO: [VRFC 10-3107] analyzing entity 's00_couplers_imp_51XJ1H'
INFO: [VRFC 10-3107] analyzing entity 'MICRO_axi_interconnect_0_1'
INFO: [VRFC 10-3107] analyzing entity 'MICRO'
INFO: [VRFC 10-163] Analyzing VHDL file "C:/Users/Alireza/kos/micro.srcs/sources_1/bd/MICRO/hdl/MICRO_wrapper.vhd" into library xil_defaultlib
INFO: [VRFC 10-3107] analyzing entity 'MICRO_wrapper'
