Vivado Simulator 2019.1
Copyright 1986-1999, 2001-2019 Xilinx, Inc. All Rights Reserved.
Running: C:/Games/xilinx/Vivado/2019.1/bin/unwrapped/win64.o/xelab.exe -wto 92eaed953a214cedb1152955c661bd74 --incr --debug typical --relax --mt 2 -L microblaze_v11_0_1 -L xil_defaultlib -L lmb_v10_v3_0_9 -L lmb_bram_if_cntlr_v4_0_16 -L axi_lite_ipif_v3_0_4 -L mdm_v3_2_16 -L lib_cdc_v1_0_2 -L proc_sys_reset_v5_0_13 -L interrupt_control_v3_1_4 -L axi_gpio_v2_0_21 -L lib_pkg_v1_0_2 -L lib_srl_fifo_v1_0_2 -L axi_uartlite_v2_0_23 -L xbip_utils_v3_0_10 -L axi_utils_v2_0_6 -L xbip_pipe_v3_0_6 -L xbip_dsp48_wrapper_v3_0_4 -L xbip_dsp48_addsub_v3_0_6 -L xbip_dsp48_multadd_v3_0_6 -L xbip_bram18k_v3_0_6 -L mult_gen_v12_0_15 -L floating_point_v7_1_8 -L unisims_ver -L unimacro_ver -L secureip -L xpm --snapshot MICRO_wrapper_behav xil_defaultlib.MICRO_wrapper xil_defaultlib.glbl -log elaborate.log 
Using 2 slave threads.
Starting static elaboration
Completed static elaboration
Starting simulation data flow analysis
Completed simulation data flow analysis
Time Resolution for simulation is 1ps
Compiling package std.standard
Compiling package std.textio
Compiling package ieee.std_logic_1164
Compiling package ieee.numeric_std
Compiling package unisim.vcomponents
Compiling package ieee.std_logic_arith
Compiling package ieee.std_logic_unsigned
Compiling package synopsys.attributes
Compiling package ieee.std_logic_misc
Compiling package axi_lite_ipif_v3_0_4.ipif_pkg
Compiling package ieee.vital_timing
Compiling package ieee.vital_primitives
Compiling package unisim.vpkg
Compiling package lib_pkg_v1_0_2.lib_pkg
Compiling package ieee.std_logic_signed
Compiling package floating_point_v7_1_8.floating_point_v7_1_8_viv_comp
Compiling package xbip_utils_v3_0_10.xbip_utils_v3_0_10_pkg
Compiling package axi_utils_v2_0_6.axi_utils_v2_0_6_pkg
Compiling package floating_point_v7_1_8.floating_point_v7_1_8_consts
Compiling package ieee.math_real
Compiling package floating_point_v7_1_8.floating_point_v7_1_8_exp_table_...
Compiling package mult_gen_v12_0_15.mult_gen_v12_0_15_pkg
Compiling package floating_point_v7_1_8.floating_point_v7_1_8_pkg
Compiling package floating_point_v7_1_8.flt_utils
Compiling package xbip_pipe_v3_0_6.xbip_pipe_v3_0_6_viv_comp
Compiling package floating_point_v7_1_8.vt2mutils
Compiling package floating_point_v7_1_8.vt2mcomps
Compiling package mdm_v3_2_16.mdm_funcs
Compiling package microblaze_v11_0_1.microblaze_types
Compiling package microblaze_v11_0_1.microblaze_isa
Compiling package microblaze_v11_0_1.mmu_types
Compiling package lmb_bram_if_cntlr_v4_0_16.lmb_bram_if_funcs
Compiling package ieee.std_logic_textio
Compiling module xil_defaultlib.glbl
Compiling architecture imp of entity axi_lite_ipif_v3_0_4.pselect_f [\pselect_f(c_ab=2,c_aw=2,c_bar="...]
Compiling architecture imp of entity axi_lite_ipif_v3_0_4.pselect_f [\pselect_f(c_ab=2,c_aw=2,c_bar="...]
Compiling architecture imp of entity axi_lite_ipif_v3_0_4.pselect_f [\pselect_f(c_ab=2,c_aw=2,c_bar="...]
Compiling architecture imp of entity axi_lite_ipif_v3_0_4.pselect_f [\pselect_f(c_ab=2,c_aw=2,c_bar="...]
Compiling architecture imp of entity axi_lite_ipif_v3_0_4.address_decoder [\address_decoder(c_bus_awidth=9,...]
Compiling architecture imp of entity axi_lite_ipif_v3_0_4.slave_attachment [\slave_attachment(c_ard_addr_ran...]
Compiling architecture imp of entity axi_lite_ipif_v3_0_4.axi_lite_ipif [\axi_lite_ipif(c_s_axi_addr_widt...]
Compiling architecture fdre_v of entity unisim.FDRE [fdre_default]
Compiling architecture fdr_v of entity unisim.FDR [fdr_default]
Compiling architecture implementation of entity lib_cdc_v1_0_2.cdc_sync [\cdc_sync(c_single_bit=0,c_mtbf_...]
Compiling architecture imp of entity axi_gpio_v2_0_21.GPIO_Core [\GPIO_Core(c_aw=9,c_all_outputs=...]
Compiling architecture imp of entity axi_gpio_v2_0_21.axi_gpio [\axi_gpio(c_family="spartan7",c_...]
Compiling architecture micro_axi_gpio_0_0_arch of entity xil_defaultlib.MICRO_axi_gpio_0_0 [micro_axi_gpio_0_0_default]
Compiling architecture implementation of entity lib_cdc_v1_0_2.cdc_sync [\cdc_sync(c_single_bit=0,c_vecto...]
Compiling architecture imp of entity axi_gpio_v2_0_21.GPIO_Core [\GPIO_Core(c_aw=9,c_gpio_width=8...]
Compiling architecture imp of entity axi_gpio_v2_0_21.axi_gpio [\axi_gpio(c_family="spartan7",c_...]
Compiling architecture micro_axi_gpio_1_0_arch of entity xil_defaultlib.MICRO_axi_gpio_1_0 [micro_axi_gpio_1_0_default]
Compiling architecture implementation of entity lib_cdc_v1_0_2.cdc_sync [\cdc_sync(c_single_bit=0,c_vecto...]
Compiling architecture imp of entity axi_gpio_v2_0_21.GPIO_Core [\GPIO_Core(c_aw=9,c_gpio_width=1...]
Compiling architecture imp of entity axi_gpio_v2_0_21.axi_gpio [\axi_gpio(c_family="spartan7",c_...]
Compiling architecture micro_axi_gpio_2_0_arch of entity xil_defaultlib.MICRO_axi_gpio_2_0 [micro_axi_gpio_2_0_default]
Compiling architecture micro_axi_gpio_3_0_arch of entity xil_defaultlib.MICRO_axi_gpio_3_0 [micro_axi_gpio_3_0_default]
Compiling architecture micro_axi_gpio_4_0_arch of entity xil_defaultlib.MICRO_axi_gpio_4_0 [micro_axi_gpio_4_0_default]
Compiling architecture structure of entity xil_defaultlib.m00_couplers_imp_IXVNM6 [m00_couplers_imp_ixvnm6_default]
Compiling architecture structure of entity xil_defaultlib.m01_couplers_imp_1YEBS86 [m01_couplers_imp_1yebs86_default]
Compiling architecture structure of entity xil_defaultlib.m02_couplers_imp_1TP1FXB [m02_couplers_imp_1tp1fxb_default]
Compiling architecture structure of entity xil_defaultlib.m03_couplers_imp_NNHL4N [m03_couplers_imp_nnhl4n_default]
Compiling architecture structure of entity xil_defaultlib.m04_couplers_imp_1L85UST [m04_couplers_imp_1l85ust_default]
Compiling architecture structure of entity xil_defaultlib.m05_couplers_imp_X8BLC5 [m05_couplers_imp_x8blc5_default]
Compiling architecture structure of entity xil_defaultlib.m06_couplers_imp_SI2HFG [m06_couplers_imp_si2hfg_default]
Compiling architecture structure of entity xil_defaultlib.s00_couplers_imp_51XJ1H [s00_couplers_imp_51xj1h_default]
Compiling architecture gnd_v of entity unisim.GND [gnd_default]
Compiling architecture lut5_v of entity unisim.LUT5 [\LUT5(init="11111111011111110000...]
Compiling architecture lut6_v of entity unisim.LUT6 [\LUT6(init="01010101111111110101...]
Compiling architecture lut4_v of entity unisim.LUT4 [\LUT4(init="0000000000100000")(0...]
Compiling architecture lut3_v of entity unisim.LUT3 [\LUT3(init="00000100")(0,7)\]
Compiling architecture lut3_v of entity unisim.LUT3 [\LUT3(init="01000000")(0,7)\]
Compiling architecture lut6_v of entity unisim.LUT6 [\LUT6(init="11111111111111111111...]
Compiling architecture lut4_v of entity unisim.LUT4 [\LUT4(init="1111101100001000")(0...]
Compiling architecture lut1_v of entity unisim.LUT1 [\LUT1(init="0001")(0,3)\]
Compiling architecture lut5_v of entity unisim.LUT5 [\LUT5(init="00000000000000001111...]
Compiling architecture lut5_v of entity unisim.LUT5 [\LUT5(init="01011101010111010101...]
Compiling architecture lut5_v of entity unisim.LUT5 [\LUT5(init="11111010001110100000...]
Compiling architecture lut6_v of entity unisim.LUT6 [\LUT6(init="00000000000000000000...]
Compiling architecture lut6_v of entity unisim.LUT6 [\LUT6(init="00000000000000000000...]
Compiling architecture lut6_v of entity unisim.LUT6 [\LUT6(init="00000000000000000000...]
Compiling architecture lut6_v of entity unisim.LUT6 [\LUT6(init="00000000000000000000...]
Compiling architecture lut6_v of entity unisim.LUT6 [\LUT6(init="00000000000000000000...]
Compiling architecture lut2_v of entity unisim.LUT2 [\LUT2(init="1000")(0,3)\]
Compiling architecture lut6_v of entity unisim.LUT6 [\LUT6(init="00000000000011000000...]
Compiling architecture lut5_v of entity unisim.LUT5 [\LUT5(init="11111111111111111111...]
Compiling architecture lut4_v of entity unisim.LUT4 [\LUT4(init="1111111111101111")(0...]
Compiling architecture lut6_v of entity unisim.LUT6 [\LUT6(init="11111111111111111111...]
Compiling architecture lut6_v of entity unisim.LUT6 [\LUT6(init="00000000000000000000...]
Compiling architecture lut5_v of entity unisim.LUT5 [\LUT5(init="00000000000000000010...]
Compiling architecture lut2_v of entity unisim.LUT2 [\LUT2(init="0001")(0,3)\]
Compiling architecture lut3_v of entity unisim.LUT3 [\LUT3(init="11111110")(0,7)\]
Compiling architecture lut5_v of entity unisim.LUT5 [\LUT5(init="00000000000000000000...]
Compiling architecture lut4_v of entity unisim.LUT4 [\LUT4(init="1111111111111110")(0...]
Compiling architecture lut4_v of entity unisim.LUT4 [\LUT4(init="0000000010000000")(0...]
Compiling architecture lut5_v of entity unisim.LUT5 [\LUT5(init="00000000001000000000...]
Compiling architecture lut5_v of entity unisim.LUT5 [\LUT5(init="01000000000000001111...]
Compiling architecture lut2_v of entity unisim.LUT2 [\LUT2(init="0111")(0,3)\]
Compiling architecture lut5_v of entity unisim.LUT5 [\LUT5(init="00000000001100100000...]
Compiling architecture lut5_v of entity unisim.LUT5 [\LUT5(init="00000011000010000000...]
Compiling architecture lut5_v of entity unisim.LUT5 [\LUT5(init="00101100000000000010...]
Compiling architecture lut5_v of entity unisim.LUT5 [\LUT5(init="00000000000000001111...]
Compiling architecture lut3_v of entity unisim.LUT3 [\LUT3(init="10001010")(0,7)\]
Compiling architecture lut6_v of entity unisim.LUT6 [\LUT6(init="01000000000000000100...]
Compiling architecture lut4_v of entity unisim.LUT4 [\LUT4(init="0000000001000000")(0...]
Compiling architecture lut6_v of entity unisim.LUT6 [\LUT6(init="00000000000000000000...]
Compiling architecture lut2_v of entity unisim.LUT2 [\LUT2(init="0010")(0,3)\]
Compiling architecture lut5_v of entity unisim.LUT5 [\LUT5(init="00000000000000000000...]
Compiling architecture structure of entity xil_defaultlib.MICRO_xbar_1_axi_crossbar_v2_1_20_addr_arbiter_sasd [micro_xbar_1_axi_crossbar_v2_1_2...]
Compiling architecture lut5_v of entity unisim.LUT5 [\LUT5(init="11110000011111110000...]
Compiling architecture lut5_v of entity unisim.LUT5 [\LUT5(init="00001111100010001111...]
Compiling architecture lut5_v of entity unisim.LUT5 [\LUT5(init="00111111011111111111...]
Compiling architecture lut5_v of entity unisim.LUT5 [\LUT5(init="10000000001100001000...]
Compiling architecture lut6_v of entity unisim.LUT6 [\LUT6(init="11111111111111111111...]
Compiling architecture lut5_v of entity unisim.LUT5 [\LUT5(init="11000000000000100000...]
Compiling architecture lut4_v of entity unisim.LUT4 [\LUT4(init="0000000000000100")(0...]
Compiling architecture lut5_v of entity unisim.LUT5 [\LUT5(init="11000000100000000000...]
Compiling architecture lut6_v of entity unisim.LUT6 [\LUT6(init="00000000000000000000...]
Compiling architecture lut4_v of entity unisim.LUT4 [\LUT4(init="1000000000000000")(0...]
Compiling architecture structure of entity xil_defaultlib.MICRO_xbar_1_axi_crossbar_v2_1_20_decerr_slave [micro_xbar_1_axi_crossbar_v2_1_2...]
Compiling architecture lut6_v of entity unisim.LUT6 [\LUT6(init="11111111000010101111...]
Compiling architecture lut6_v of entity unisim.LUT6 [\LUT6(init="11111111111111110000...]
Compiling architecture lut5_v of entity unisim.LUT5 [\LUT5(init="11111111111111111111...]
Compiling architecture lut3_v of entity unisim.LUT3 [\LUT3(init="10111000")(0,7)\]
Compiling architecture lut6_v of entity unisim.LUT6 [\LUT6(init="11111111111111111111...]
Compiling architecture lut6_v of entity unisim.LUT6 [\LUT6(init="00000000000000000000...]
Compiling architecture lut5_v of entity unisim.LUT5 [\LUT5(init="00000000001110000000...]
Compiling architecture lut3_v of entity unisim.LUT3 [\LUT3(init="11011111")(0,7)\]
Compiling architecture lut3_v of entity unisim.LUT3 [\LUT3(init="11111011")(0,7)\]
Compiling architecture lut2_v of entity unisim.LUT2 [\LUT2(init="1110")(0,3)\]
Compiling architecture lut6_v of entity unisim.LUT6 [\LUT6(init="11101111111011101111...]
Compiling architecture lut6_v of entity unisim.LUT6 [\LUT6(init="00001010110000000000...]
Compiling architecture lut6_v of entity unisim.LUT6 [\LUT6(init="00000000111100001100...]
Compiling architecture lut5_v of entity unisim.LUT5 [\LUT5(init="00001000001100000000...]
Compiling architecture lut6_v of entity unisim.LUT6 [\LUT6(init="11111111000000001100...]
Compiling architecture lut5_v of entity unisim.LUT5 [\LUT5(init="00001100001000000000...]
Compiling architecture lut6_v of entity unisim.LUT6 [\LUT6(init="11111111000000001010...]
Compiling architecture lut6_v of entity unisim.LUT6 [\LUT6(init="11111100000000001010...]
Compiling architecture lut6_v of entity unisim.LUT6 [\LUT6(init="00000000101000001111...]
Compiling architecture lut6_v of entity unisim.LUT6 [\LUT6(init="11111010000000001100...]
Compiling architecture lut6_v of entity unisim.LUT6 [\LUT6(init="00000000101000001100...]
Compiling architecture lut6_v of entity unisim.LUT6 [\LUT6(init="11111111111111111111...]
Compiling architecture lut6_v of entity unisim.LUT6 [\LUT6(init="00000000111100001010...]
Compiling architecture lut6_v of entity unisim.LUT6 [\LUT6(init="00001111110000000000...]
Compiling architecture lut6_v of entity unisim.LUT6 [\LUT6(init="11111010000000001111...]
Compiling architecture lut6_v of entity unisim.LUT6 [\LUT6(init="11110000101000001100...]
Compiling architecture lut3_v of entity unisim.LUT3 [\LUT3(init="11101111")(0,7)\]
Compiling architecture lut6_v of entity unisim.LUT6 [\LUT6(init="11111100000000001111...]
Compiling architecture structure of entity xil_defaultlib.MICRO_xbar_1_axi_register_slice_v2_1_19_axic_register_slice [micro_xbar_1_axi_register_slice_...]
Compiling architecture lut6_v of entity unisim.LUT6 [\LUT6(init="11110000000000001010...]
Compiling architecture lut5_v of entity unisim.LUT5 [\LUT5(init="00100000000000110010...]
Compiling architecture lut3_v of entity unisim.LUT3 [\LUT3(init="10000000")(0,7)\]
Compiling architecture lut6_v of entity unisim.LUT6 [\LUT6(init="10111010101110111011...]
Compiling architecture lut3_v of entity unisim.LUT3 [\LUT3(init="00010000")(0,7)\]
Compiling architecture lut6_v of entity unisim.LUT6 [\LUT6(init="00000000000000000000...]
Compiling architecture structure of entity xil_defaultlib.\MICRO_xbar_1_axi_crossbar_v2_1_20_splitter__parameterized0\ [\MICRO_xbar_1_axi_crossbar_v2_1_...]
Compiling architecture lut4_v of entity unisim.LUT4 [\LUT4(init="1000100010000000")(0...]
Compiling architecture lut5_v of entity unisim.LUT5 [\LUT5(init="00100000001000100010...]
Compiling architecture lut4_v of entity unisim.LUT4 [\LUT4(init="0000101000000010")(0...]
Compiling architecture lut6_v of entity unisim.LUT6 [\LUT6(init="11111111111111111111...]
Compiling architecture lut5_v of entity unisim.LUT5 [\LUT5(init="00110000001000000000...]
Compiling architecture lut5_v of entity unisim.LUT5 [\LUT5(init="11111111110011011111...]
Compiling architecture lut5_v of entity unisim.LUT5 [\LUT5(init="00001100100000000000...]
Compiling architecture lut5_v of entity unisim.LUT5 [\LUT5(init="11111101111111001111...]
Compiling architecture lut5_v of entity unisim.LUT5 [\LUT5(init="00001110000000000000...]
Compiling architecture lut5_v of entity unisim.LUT5 [\LUT5(init="00100000001100000010...]
Compiling architecture lut5_v of entity unisim.LUT5 [\LUT5(init="00000000101100000000...]
Compiling architecture lut5_v of entity unisim.LUT5 [\LUT5(init="00000000000010110000...]
Compiling architecture structure of entity xil_defaultlib.MICRO_xbar_1_axi_crossbar_v2_1_20_splitter [micro_xbar_1_axi_crossbar_v2_1_2...]
Compiling architecture structure of entity xil_defaultlib.MICRO_xbar_1_axi_crossbar_v2_1_20_crossbar_sasd [micro_xbar_1_axi_crossbar_v2_1_2...]
Compiling architecture structure of entity xil_defaultlib.MICRO_xbar_1_axi_crossbar_v2_1_20_axi_crossbar [micro_xbar_1_axi_crossbar_v2_1_2...]
Compiling architecture structure of entity xil_defaultlib.MICRO_xbar_1 [micro_xbar_1_default]
Compiling architecture structure of entity xil_defaultlib.MICRO_axi_interconnect_0_1 [micro_axi_interconnect_0_1_defau...]
Compiling architecture rtl of entity axi_uartlite_v2_0_23.baudrate [\baudrate(c_ratio=651)\]
Compiling architecture implementation of entity lib_cdc_v1_0_2.cdc_sync [\cdc_sync(c_mtbf_stages=4)\]
Compiling architecture imp of entity lib_srl_fifo_v1_0_2.cntr_incr_decr_addn_f [\cntr_incr_decr_addn_f(c_size=5,...]
Compiling architecture behavioral of entity lib_srl_fifo_v1_0_2.dynshreg_f [\dynshreg_f(c_depth=16,c_dwidth=...]
Compiling architecture imp of entity lib_srl_fifo_v1_0_2.srl_fifo_rbu_f [\srl_fifo_rbu_f(c_dwidth=8,c_fam...]
Compiling architecture imp of entity lib_srl_fifo_v1_0_2.srl_fifo_f [\srl_fifo_f(c_dwidth=8,c_family=...]
Compiling architecture rtl of entity axi_uartlite_v2_0_23.uartlite_rx [\uartlite_rx(c_family="spartan7"...]
Compiling architecture rtl of entity axi_uartlite_v2_0_23.uartlite_tx [\uartlite_tx(c_family="spartan7"...]
Compiling architecture rtl of entity axi_uartlite_v2_0_23.uartlite_core [\uartlite_core(c_family="spartan...]
Compiling architecture imp of entity axi_lite_ipif_v3_0_4.address_decoder [\address_decoder(c_bus_awidth=4,...]
Compiling architecture imp of entity axi_lite_ipif_v3_0_4.slave_attachment [\slave_attachment(c_ard_addr_ran...]
Compiling architecture imp of entity axi_lite_ipif_v3_0_4.axi_lite_ipif [\axi_lite_ipif(c_s_axi_addr_widt...]
Compiling architecture rtl of entity axi_uartlite_v2_0_23.axi_uartlite [\axi_uartlite(c_family="spartan7...]
Compiling architecture micro_axi_uartlite_0_0_arch of entity xil_defaultlib.MICRO_axi_uartlite_0_0 [micro_axi_uartlite_0_0_default]
Compiling architecture bufg_v of entity unisim.BUFG [bufg_default]
Compiling architecture ibuf_v of entity unisim.IBUF [\IBUF(1,9)(1,1)(1,4)(1,7)\]
Compiling architecture mmcme2_adv_v of entity unisim.MMCME2_ADV [\MMCME2_ADV(clkfbout_mult_f=10.0...]
Compiling architecture structure of entity xil_defaultlib.MICRO_clk_wiz_1_0_MICRO_clk_wiz_1_0_clk_wiz [micro_clk_wiz_1_0_micro_clk_wiz_...]
Compiling architecture structure of entity xil_defaultlib.MICRO_clk_wiz_1_0 [micro_clk_wiz_1_0_default]
Compiling architecture rtl of entity xil_defaultlib.inverse_divisor_mbkb_rom [inverse_divisor_mbkb_rom_default]
Compiling architecture arch of entity xil_defaultlib.inverse_divisor_mbkb [inverse_divisor_mbkb_default]
Compiling architecture rtl of entity xil_defaultlib.inverse_divisor_ocud_rom [inverse_divisor_ocud_rom_default]
Compiling architecture arch of entity xil_defaultlib.inverse_divisor_ocud [inverse_divisor_ocud_default]
Compiling architecture behave of entity xil_defaultlib.inverse_divisor_CTRL_BUS_s_axi [inverse_divisor_ctrl_bus_s_axi_d...]
Compiling architecture synth of entity xbip_pipe_v3_0_6.xbip_pipe_v3_0_6_viv [\xbip_pipe_v3_0_6_viv(c_has_ce=1...]
Compiling architecture rtl of entity floating_point_v7_1_8.delay [\delay(width=2,length=0)\]
Compiling architecture dsp48e1_v of entity unisim.DSP48E1 [\DSP48E1(acascreg=0,adreg=0,alum...]
Compiling architecture rtl of entity floating_point_v7_1_8.dsp48e1_wrapper [\dsp48e1_wrapper(a_width=19,b_wi...]
Compiling architecture synth of entity xbip_pipe_v3_0_6.xbip_pipe_v3_0_6_viv [\xbip_pipe_v3_0_6_viv(c_has_ce=1...]
Compiling architecture rtl of entity floating_point_v7_1_8.delay [\delay(width=7,length=0)\]
Compiling architecture synth of entity xbip_pipe_v3_0_6.xbip_pipe_v3_0_6_viv [\xbip_pipe_v3_0_6_viv(c_has_ce=1...]
Compiling architecture rtl of entity floating_point_v7_1_8.delay [\delay(width=4,length=0)\]
Compiling architecture synth of entity xbip_pipe_v3_0_6.xbip_pipe_v3_0_6_viv [\xbip_pipe_v3_0_6_viv(c_has_ce=1...]
Compiling architecture rtl of entity floating_point_v7_1_8.delay [\delay(length=0)\]
Compiling architecture synth of entity xbip_pipe_v3_0_6.xbip_pipe_v3_0_6_viv [\xbip_pipe_v3_0_6_viv(c_has_ce=1...]
Compiling architecture rtl of entity floating_point_v7_1_8.delay [\delay(width=16,length=0)\]
Compiling architecture synth of entity xbip_pipe_v3_0_6.xbip_pipe_v3_0_6_viv [\xbip_pipe_v3_0_6_viv(c_has_ce=1...]
Compiling architecture rtl of entity floating_point_v7_1_8.delay [\delay(width=17,length=0)\]
Compiling architecture synth of entity xbip_pipe_v3_0_6.xbip_pipe_v3_0_6_viv [\xbip_pipe_v3_0_6_viv(c_has_ce=1...]
Compiling architecture rtl of entity floating_point_v7_1_8.delay [\delay(width=25,length=0)\]
Compiling architecture dsp48e1_v of entity unisim.DSP48E1 [\DSP48E1(acascreg=0,adreg=0,alum...]
Compiling architecture rtl of entity floating_point_v7_1_8.dsp48e1_wrapper [\dsp48e1_wrapper(a_width=17,b_wi...]
Compiling architecture dsp48e1_v of entity unisim.DSP48E1 [\DSP48E1(acascreg=0,adreg=0,alum...]
Compiling architecture rtl of entity floating_point_v7_1_8.dsp48e1_wrapper [\dsp48e1_wrapper(a_width=17,b_wi...]
Compiling architecture synth of entity xbip_pipe_v3_0_6.xbip_pipe_v3_0_6_viv [\xbip_pipe_v3_0_6_viv(c_latency=...]
Compiling architecture rtl of entity floating_point_v7_1_8.delay [delay_default]
Compiling architecture dsp48e1_v of entity unisim.DSP48E1 [\DSP48E1(acascreg=0,adreg=0,alum...]
Compiling architecture rtl of entity floating_point_v7_1_8.dsp48e1_wrapper [\dsp48e1_wrapper(a_width=17,b_wi...]
Compiling architecture synth of entity xbip_pipe_v3_0_6.xbip_pipe_v3_0_6_viv [\xbip_pipe_v3_0_6_viv(c_has_ce=1...]
Compiling architecture rtl of entity floating_point_v7_1_8.delay [\delay(width=19,length=0)\]
Compiling architecture dsp48e1_v of entity unisim.DSP48E1 [\DSP48E1(acascreg=0,adreg=0,alum...]
Compiling architecture rtl of entity floating_point_v7_1_8.dsp48e1_wrapper [\dsp48e1_wrapper(a_width=19,b_wi...]
Compiling architecture dsp48e1_v of entity unisim.DSP48E1 [\DSP48E1(adreg=0,alumodereg=0,ca...]
Compiling architecture rtl of entity floating_point_v7_1_8.dsp48e1_wrapper [\dsp48e1_wrapper(a_width=19,b_wi...]
Compiling architecture dsp48e1_v of entity unisim.DSP48E1 [\DSP48E1(acascreg=0,adreg=0,alum...]
Compiling architecture rtl of entity floating_point_v7_1_8.dsp48e1_wrapper [\dsp48e1_wrapper(a_width=19,b_wi...]
Compiling architecture dsp48e1_v of entity unisim.DSP48E1 [\DSP48E1(adreg=0,alumodereg=0,ca...]
Compiling architecture rtl of entity floating_point_v7_1_8.dsp48e1_wrapper [\dsp48e1_wrapper(a_width=19,b_wi...]
Compiling architecture synth of entity xbip_pipe_v3_0_6.xbip_pipe_v3_0_6_viv [\xbip_pipe_v3_0_6_viv(c_latency=...]
Compiling architecture rtl of entity floating_point_v7_1_8.delay [\delay(width=17)\]
Compiling architecture dsp48e1_v of entity unisim.DSP48E1 [\DSP48E1(acascreg=0,adreg=0,alum...]
Compiling architecture rtl of entity floating_point_v7_1_8.dsp48e1_wrapper [\dsp48e1_wrapper(a_width=19,b_wi...]
Compiling architecture struct of entity floating_point_v7_1_8.fix_mult_dsp48e1_dbl [\fix_mult_dsp48e1_dbl(mult_usage...]
Compiling architecture rtl of entity floating_point_v7_1_8.fix_mult [\fix_mult(c_xdevicefamily="spart...]
Compiling architecture muxcy_v of entity unisim.MUXCY [muxcy_default]
Compiling architecture xorcy_v of entity unisim.XORCY [xorcy_default]
Compiling architecture synth of entity xbip_pipe_v3_0_6.xbip_pipe_v3_0_6_viv [\xbip_pipe_v3_0_6_viv(c_has_ce=1...]
Compiling architecture rtl of entity floating_point_v7_1_8.delay [\delay(width=11,length=0,fast_in...]
Compiling architecture struct of entity floating_point_v7_1_8.carry_chain [\carry_chain(c_xdevicefamily="sp...]
Compiling architecture synth of entity xbip_pipe_v3_0_6.xbip_pipe_v3_0_6_viv [\xbip_pipe_v3_0_6_viv(c_has_ce=1...]
Compiling architecture rtl of entity floating_point_v7_1_8.delay [\delay(width=64,length=0)\]
Compiling architecture synth of entity xbip_pipe_v3_0_6.xbip_pipe_v3_0_6_viv [\xbip_pipe_v3_0_6_viv(c_has_ce=1...]
Compiling architecture rtl of entity floating_point_v7_1_8.delay [\delay(width=9,length=0)\]
Compiling architecture struct of entity floating_point_v7_1_8.carry_chain [\carry_chain(c_xdevicefamily="sp...]
Compiling architecture synth of entity floating_point_v7_1_8.compare_eq_im [\compare_eq_im(c_xdevicefamily="...]
Compiling architecture synth of entity xbip_pipe_v3_0_6.xbip_pipe_v3_0_6_viv [\xbip_pipe_v3_0_6_viv(c_has_ce=1...]
Compiling architecture rtl of entity floating_point_v7_1_8.delay [\delay(length=0,fast_input=true)...]
Compiling architecture rtl of entity floating_point_v7_1_8.special_detect [\special_detect(c_xdevicefamily=...]
Compiling architecture synth of entity xbip_pipe_v3_0_6.xbip_pipe_v3_0_6_viv [\xbip_pipe_v3_0_6_viv(c_latency=...]
Compiling architecture rtl of entity floating_point_v7_1_8.delay [\delay(length=2)\]
Compiling architecture synth of entity xbip_pipe_v3_0_6.xbip_pipe_v3_0_6_viv [\xbip_pipe_v3_0_6_viv(c_latency=...]
Compiling architecture rtl of entity floating_point_v7_1_8.delay [\delay(width=2,length=2,fast_inp...]
Compiling architecture synth of entity xbip_pipe_v3_0_6.xbip_pipe_v3_0_6_viv [\xbip_pipe_v3_0_6_viv(c_latency=...]
Compiling architecture rtl of entity floating_point_v7_1_8.delay [\delay(length=2,fast_input=true)...]
Compiling architecture synth of entity xbip_pipe_v3_0_6.xbip_pipe_v3_0_6_viv [\xbip_pipe_v3_0_6_viv(c_latency=...]
Compiling architecture rtl of entity floating_point_v7_1_8.delay [\delay(width=4,length=2,fast_inp...]
Compiling architecture synth of entity xbip_pipe_v3_0_6.xbip_pipe_v3_0_6_viv [\xbip_pipe_v3_0_6_viv(c_latency=...]
Compiling architecture rtl of entity floating_point_v7_1_8.delay [\delay(width=11,length=2)\]
Compiling architecture synth of entity xbip_pipe_v3_0_6.xbip_pipe_v3_0_6_viv [\xbip_pipe_v3_0_6_viv(c_has_ce=1...]
Compiling architecture rtl of entity floating_point_v7_1_8.delay [\delay(width=3,length=0,fast_inp...]
Compiling architecture synth of entity xbip_pipe_v3_0_6.xbip_pipe_v3_0_6_viv [\xbip_pipe_v3_0_6_viv(c_has_ce=1...]
Compiling architecture rtl of entity floating_point_v7_1_8.delay [\delay(width=4,length=0,fast_inp...]
Compiling architecture synth of entity xbip_pipe_v3_0_6.xbip_pipe_v3_0_6_viv [\xbip_pipe_v3_0_6_viv(c_has_ce=1...]
Compiling architecture rtl of entity floating_point_v7_1_8.delay [\delay(width=14,length=0)\]
Compiling architecture rtl of entity floating_point_v7_1_8.flt_mult_exp [\flt_mult_exp(c_xdevicefamily="s...]
Compiling architecture synth of entity xbip_pipe_v3_0_6.xbip_pipe_v3_0_6_viv [\xbip_pipe_v3_0_6_viv(c_has_ce=1...]
Compiling architecture rtl of entity floating_point_v7_1_8.delay [\delay(width=11,length=0)\]
Compiling architecture synth of entity xbip_pipe_v3_0_6.xbip_pipe_v3_0_6_viv [\xbip_pipe_v3_0_6_viv(c_has_ce=1...]
Compiling architecture rtl of entity floating_point_v7_1_8.delay [\delay(width=48,length=0)\]
Compiling architecture synth of entity xbip_pipe_v3_0_6.xbip_pipe_v3_0_6_viv [\xbip_pipe_v3_0_6_viv(c_has_ce=1...]
Compiling architecture rtl of entity floating_point_v7_1_8.delay [\delay(width=18,length=0)\]
Compiling architecture dsp48e1_v of entity unisim.DSP48E1 [\DSP48E1(acascreg=0,adreg=0,alum...]
Compiling architecture rtl of entity floating_point_v7_1_8.dsp48e1_wrapper [\dsp48e1_wrapper(b_width=18,c_wi...]
Compiling architecture synth of entity xbip_pipe_v3_0_6.xbip_pipe_v3_0_6_viv [\xbip_pipe_v3_0_6_viv(c_has_ce=1...]
Compiling architecture rtl of entity floating_point_v7_1_8.delay [\delay(width=8,length=0)\]
Compiling architecture struct of entity floating_point_v7_1_8.carry_chain [\carry_chain(c_xdevicefamily="sp...]
Compiling architecture synth of entity xbip_pipe_v3_0_6.xbip_pipe_v3_0_6_viv [\xbip_pipe_v3_0_6_viv(c_has_ce=1...]
Compiling architecture rtl of entity floating_point_v7_1_8.delay [\delay(width=28,length=0)\]
Compiling architecture synth of entity xbip_pipe_v3_0_6.xbip_pipe_v3_0_6_viv [\xbip_pipe_v3_0_6_viv(c_has_ce=1...]
Compiling architecture rtl of entity floating_point_v7_1_8.delay [\delay(width=29,length=0)\]
Compiling architecture synth of entity xbip_pipe_v3_0_6.xbip_pipe_v3_0_6_viv [\xbip_pipe_v3_0_6_viv(c_has_ce=1...]
Compiling architecture rtl of entity floating_point_v7_1_8.delay [\delay(width=54,length=0,fast_in...]
Compiling architecture synth of entity xbip_pipe_v3_0_6.xbip_pipe_v3_0_6_viv [\xbip_pipe_v3_0_6_viv(c_has_ce=1...]
Compiling architecture rtl of entity floating_point_v7_1_8.delay [\delay(width=3,length=0)\]
Compiling architecture synth of entity xbip_pipe_v3_0_6.xbip_pipe_v3_0_6_viv [\xbip_pipe_v3_0_6_viv(c_has_ce=1...]
Compiling architecture rtl of entity floating_point_v7_1_8.delay [\delay(width=2,length=0,fast_inp...]
Compiling architecture struct of entity floating_point_v7_1_8.carry_chain [\carry_chain(c_xdevicefamily="sp...]
Compiling architecture rtl of entity floating_point_v7_1_8.flt_round_bit [\flt_round_bit(c_xdevicefamily="...]
Compiling architecture rtl of entity floating_point_v7_1_8.renorm_and_round_logic [\renorm_and_round_logic(c_xdevic...]
Compiling architecture rtl of entity floating_point_v7_1_8.flt_mult_round [\flt_mult_round(c_xdevicefamily=...]
Compiling architecture synth of entity floating_point_v7_1_8.flt_dec_op_lat [\flt_dec_op_lat(c_xdevicefamily=...]
Compiling architecture rtl of entity floating_point_v7_1_8.flt_mult [\flt_mult(c_xdevicefamily="spart...]
Compiling architecture synth of entity xbip_pipe_v3_0_6.xbip_pipe_v3_0_6_viv [\xbip_pipe_v3_0_6_viv(c_latency=...]
Compiling architecture xilinx of entity floating_point_v7_1_8.floating_point_v7_1_8_viv [\floating_point_v7_1_8_viv(c_xde...]
Compiling architecture xilinx of entity floating_point_v7_1_8.floating_point_v7_1_8 [\floating_point_v7_1_8(c_xdevice...]
Compiling architecture inverse_divisor_ap_dmul_3_max_dsp_64_arch of entity xil_defaultlib.inverse_divisor_ap_dmul_3_max_dsp_64 [inverse_divisor_ap_dmul_3_max_ds...]
Compiling architecture arch of entity xil_defaultlib.inverse_divisor_ddEe [inverse_divisor_ddee_default]
Compiling architecture synth of entity xbip_pipe_v3_0_6.xbip_pipe_v3_0_6_viv [\xbip_pipe_v3_0_6_viv(c_has_ce=1...]
Compiling architecture rtl of entity floating_point_v7_1_8.delay [\delay(width=52,length=0)\]
Compiling architecture struct of entity floating_point_v7_1_8.carry_chain [\carry_chain(c_xdevicefamily="sp...]
Compiling architecture synth of entity floating_point_v7_1_8.flt_div_mant_addsub [\flt_div_mant_addsub(c_xdevicefa...]
Compiling architecture synth of entity xbip_pipe_v3_0_6.xbip_pipe_v3_0_6_viv [\xbip_pipe_v3_0_6_viv(c_has_ce=1...]
Compiling architecture rtl of entity floating_point_v7_1_8.delay [\delay(width=55,length=0)\]
Compiling architecture synth of entity xbip_pipe_v3_0_6.xbip_pipe_v3_0_6_viv [\xbip_pipe_v3_0_6_viv(c_latency=...]
Compiling architecture rtl of entity floating_point_v7_1_8.delay [\delay(width=52)\]
Compiling architecture synth of entity xbip_pipe_v3_0_6.xbip_pipe_v3_0_6_viv [\xbip_pipe_v3_0_6_viv(c_has_ce=1...]
Compiling architecture rtl of entity floating_point_v7_1_8.delay [\delay(width=53,length=0)\]
Compiling architecture synth of entity xbip_pipe_v3_0_6.xbip_pipe_v3_0_6_viv [\xbip_pipe_v3_0_6_viv(c_latency=...]
Compiling architecture rtl of entity floating_point_v7_1_8.delay [\delay(width=54,fast_input=true)...]
Compiling architecture struct of entity floating_point_v7_1_8.carry_chain [\carry_chain(c_xdevicefamily="sp...]
Compiling architecture synth of entity floating_point_v7_1_8.flt_div_mant_addsub [\flt_div_mant_addsub(c_xdevicefa...]
Compiling architecture synth of entity xbip_pipe_v3_0_6.xbip_pipe_v3_0_6_viv [\xbip_pipe_v3_0_6_viv(c_latency=...]
Compiling architecture rtl of entity floating_point_v7_1_8.delay [\delay(width=55)\]
Compiling architecture virtex of entity floating_point_v7_1_8.flt_div_mant [\flt_div_mant(c_xdevicefamily="s...]
Compiling architecture synth of entity xbip_pipe_v3_0_6.xbip_pipe_v3_0_6_viv [\xbip_pipe_v3_0_6_viv(c_latency=...]
Compiling architecture rtl of entity floating_point_v7_1_8.delay [\delay(width=13,fast_input=true)...]
Compiling architecture rtl of entity floating_point_v7_1_8.special_detect [\special_detect(c_xdevicefamily=...]
Compiling architecture synth of entity xbip_pipe_v3_0_6.xbip_pipe_v3_0_6_viv [\xbip_pipe_v3_0_6_viv(c_latency=...]
Compiling architecture rtl of entity floating_point_v7_1_8.delay [\delay(length=28,fast_input=true...]
Compiling architecture synth of entity xbip_pipe_v3_0_6.xbip_pipe_v3_0_6_viv [\xbip_pipe_v3_0_6_viv(c_latency=...]
Compiling architecture rtl of entity floating_point_v7_1_8.delay [\delay(width=2,fast_input=true)\]
Compiling architecture synth of entity xbip_pipe_v3_0_6.xbip_pipe_v3_0_6_viv [\xbip_pipe_v3_0_6_viv(c_latency=...]
Compiling architecture rtl of entity floating_point_v7_1_8.delay [\delay(fast_input=true)\]
Compiling architecture synth of entity xbip_pipe_v3_0_6.xbip_pipe_v3_0_6_viv [\xbip_pipe_v3_0_6_viv(c_latency=...]
Compiling architecture rtl of entity floating_point_v7_1_8.delay [\delay(width=11,length=27)\]
Compiling architecture synth of entity xbip_pipe_v3_0_6.xbip_pipe_v3_0_6_viv [\xbip_pipe_v3_0_6_viv(c_latency=...]
Compiling architecture rtl of entity floating_point_v7_1_8.delay [\delay(length=27,fast_input=true...]
Compiling architecture synth of entity xbip_pipe_v3_0_6.xbip_pipe_v3_0_6_viv [\xbip_pipe_v3_0_6_viv(c_latency=...]
Compiling architecture rtl of entity floating_point_v7_1_8.delay [\delay(width=3,length=27,fast_in...]
Compiling architecture synth of entity xbip_pipe_v3_0_6.xbip_pipe_v3_0_6_viv [\xbip_pipe_v3_0_6_viv(c_latency=...]
Compiling architecture rtl of entity floating_point_v7_1_8.delay [\delay(width=4,length=27,fast_in...]
Compiling architecture rtl of entity floating_point_v7_1_8.flt_div_exp [\flt_div_exp(c_xdevicefamily="no...]
Compiling architecture synth of entity xbip_pipe_v3_0_6.xbip_pipe_v3_0_6_viv [\xbip_pipe_v3_0_6_viv(c_has_ce=1...]
Compiling architecture rtl of entity floating_point_v7_1_8.delay [\delay(width=26,length=0,fast_in...]
Compiling architecture struct of entity floating_point_v7_1_8.carry_chain [\carry_chain(c_xdevicefamily="sp...]
Compiling architecture synth of entity xbip_pipe_v3_0_6.xbip_pipe_v3_0_6_viv [\xbip_pipe_v3_0_6_viv(c_has_ce=1...]
Compiling architecture rtl of entity floating_point_v7_1_8.delay [\delay(width=27,length=0,fast_in...]
Compiling architecture struct of entity floating_point_v7_1_8.carry_chain [\carry_chain(c_xdevicefamily="sp...]
Compiling architecture struct of entity floating_point_v7_1_8.carry_chain [\carry_chain(c_xdevicefamily="sp...]
Compiling architecture rtl of entity floating_point_v7_1_8.renorm_and_round_logic [\renorm_and_round_logic(c_xdevic...]
Compiling architecture synth of entity floating_point_v7_1_8.flt_dec_op_lat [\flt_dec_op_lat(c_xdevicefamily=...]
Compiling architecture virtex of entity floating_point_v7_1_8.flt_div [\flt_div(c_xdevicefamily="sparta...]
Compiling architecture synth of entity xbip_pipe_v3_0_6.xbip_pipe_v3_0_6_viv [\xbip_pipe_v3_0_6_viv(c_latency=...]
Compiling architecture xilinx of entity floating_point_v7_1_8.floating_point_v7_1_8_viv [\floating_point_v7_1_8_viv(c_xde...]
Compiling architecture xilinx of entity floating_point_v7_1_8.floating_point_v7_1_8 [\floating_point_v7_1_8(c_xdevice...]
Compiling architecture inverse_divisor_ap_ddiv_29_no_dsp_64_arch of entity xil_defaultlib.inverse_divisor_ap_ddiv_29_no_dsp_64 [inverse_divisor_ap_ddiv_29_no_ds...]
Compiling architecture arch of entity xil_defaultlib.inverse_divisor_deOg [\inverse_divisor_deOg(id=1)\]
Compiling architecture struct of entity floating_point_v7_1_8.carry_chain [\carry_chain(c_xdevicefamily="sp...]
Compiling architecture synth of entity xbip_pipe_v3_0_6.xbip_pipe_v3_0_6_viv [\xbip_pipe_v3_0_6_viv(c_latency=...]
Compiling architecture rtl of entity floating_point_v7_1_8.delay [\delay(width=16,fast_input=true)...]
Compiling architecture rtl of entity floating_point_v7_1_8.norm_zero_det [\norm_zero_det(data_width=10,nor...]
Compiling architecture synth of entity xbip_pipe_v3_0_6.xbip_pipe_v3_0_6_viv [\xbip_pipe_v3_0_6_viv(c_latency=...]
Compiling architecture rtl of entity floating_point_v7_1_8.delay [\delay(width=8,fast_input=true)\]
Compiling architecture rtl of entity floating_point_v7_1_8.mux4 [\mux4(c_xdevicefamily="spartan7"...]
Compiling architecture synth of entity xbip_pipe_v3_0_6.xbip_pipe_v3_0_6_viv [\xbip_pipe_v3_0_6_viv(c_latency=...]
Compiling architecture rtl of entity floating_point_v7_1_8.delay [\delay(width=4,fast_input=true)\]
Compiling architecture rtl of entity floating_point_v7_1_8.mux4 [\mux4(c_xdevicefamily="spartan7"...]
Compiling architecture synth of entity xbip_pipe_v3_0_6.xbip_pipe_v3_0_6_viv [\xbip_pipe_v3_0_6_viv(c_latency=...]
Compiling architecture rtl of entity floating_point_v7_1_8.delay [\delay(width=2,length=2)\]
Compiling architecture rtl of entity floating_point_v7_1_8.mux4 [\mux4(c_xdevicefamily="spartan7"...]
Compiling architecture rtl of entity floating_point_v7_1_8.mux4 [\mux4(c_xdevicefamily="spartan7"...]
Compiling architecture synth of entity xbip_pipe_v3_0_6.xbip_pipe_v3_0_6_viv [\xbip_pipe_v3_0_6_viv(c_latency=...]
Compiling architecture rtl of entity floating_point_v7_1_8.delay [\delay(width=2)\]
Compiling architecture synth of entity xbip_pipe_v3_0_6.xbip_pipe_v3_0_6_viv [\xbip_pipe_v3_0_6_viv(c_has_ce=1...]
Compiling architecture rtl of entity floating_point_v7_1_8.delay [\delay(width=8,length=0,fast_inp...]
Compiling architecture struct of entity floating_point_v7_1_8.carry_chain [\carry_chain(c_xdevicefamily="sp...]
Compiling architecture rtl of entity floating_point_v7_1_8.lead_zero_encode [\lead_zero_encode(c_xdevicefamil...]
Compiling architecture synth of entity xbip_pipe_v3_0_6.xbip_pipe_v3_0_6_viv [\xbip_pipe_v3_0_6_viv(c_latency=...]
Compiling architecture rtl of entity floating_point_v7_1_8.delay [\delay(width=64)\]
Compiling architecture rtl of entity floating_point_v7_1_8.shift_msb_first [\shift_msb_first(a_width=64,dist...]
Compiling architecture synth of entity xbip_pipe_v3_0_6.xbip_pipe_v3_0_6_viv [\xbip_pipe_v3_0_6_viv(c_has_ce=1...]
Compiling architecture rtl of entity floating_point_v7_1_8.delay [\delay(width=26,length=0)\]
Compiling architecture struct of entity floating_point_v7_1_8.carry_chain [\carry_chain(c_xdevicefamily="sp...]
Compiling architecture synth of entity xbip_pipe_v3_0_6.xbip_pipe_v3_0_6_viv [\xbip_pipe_v3_0_6_viv(c_has_ce=1...]
Compiling architecture rtl of entity floating_point_v7_1_8.delay [\delay(width=27,length=0)\]
Compiling architecture struct of entity floating_point_v7_1_8.carry_chain [\carry_chain(c_xdevicefamily="sp...]
Compiling architecture synth of entity xbip_pipe_v3_0_6.xbip_pipe_v3_0_6_viv [\xbip_pipe_v3_0_6_viv(c_has_ce=1...]
Compiling architecture rtl of entity floating_point_v7_1_8.delay [\delay(width=54,length=0)\]
Compiling architecture rtl of entity floating_point_v7_1_8.renorm_and_round_logic [\renorm_and_round_logic(c_xdevic...]
Compiling architecture synth of entity floating_point_v7_1_8.fix_to_flt_conv_exp [\fix_to_flt_conv_exp(c_xdevicefa...]
Compiling architecture synth of entity floating_point_v7_1_8.flt_dec_op [\flt_dec_op(c_xdevicefamily="spa...]
Compiling architecture struct of entity floating_point_v7_1_8.fix_to_flt_conv [\fix_to_flt_conv(c_xdevicefamily...]
Compiling architecture xilinx of entity floating_point_v7_1_8.floating_point_v7_1_8_viv [\floating_point_v7_1_8_viv(c_xde...]
Compiling architecture xilinx of entity floating_point_v7_1_8.floating_point_v7_1_8 [\floating_point_v7_1_8(c_xdevice...]
Compiling architecture inverse_divisor_ap_uitodp_3_no_dsp_32_arch of entity xil_defaultlib.inverse_divisor_ap_uitodp_3_no_dsp_32 [inverse_divisor_ap_uitodp_3_no_d...]
Compiling architecture arch of entity xil_defaultlib.inverse_divisor_ufYi [\inverse_divisor_ufYi(id=1)\]
Compiling architecture behav of entity xil_defaultlib.inverse_divisor [inverse_divisor_default]
Compiling architecture micro_inverse_divisor_0_0_arch of entity xil_defaultlib.MICRO_inverse_divisor_0_0 [micro_inverse_divisor_0_0_defaul...]
Compiling architecture bscane2_v of entity unisim.BSCANE2 [\BSCANE2(jtag_chain=2)(1,5)\]
Compiling architecture imp of entity mdm_v3_2_16.MB_BSCANE2 [\MB_BSCANE2(c_target=non_rtl,jta...]
Compiling architecture imp of entity mdm_v3_2_16.MB_BUFG [\MB_BUFG(c_target=non_rtl)\]
Compiling architecture fdce_v of entity unisim.FDCE [fdce_default]
Compiling architecture fdc_1_v of entity unisim.FDC_1 [fdc_1_default]
Compiling architecture imp of entity mdm_v3_2_16.MB_FDC_1 [\MB_FDC_1(c_target=non_rtl)\]
Compiling architecture fdre_1_v of entity unisim.FDRE_1 [fdre_1_default]
Compiling architecture imp of entity mdm_v3_2_16.MB_FDRE_1 [\MB_FDRE_1(c_target=non_rtl)\]
Compiling architecture srl16e_v of entity unisim.SRL16E [\SRL16E(init="0000000101100111")...]
Compiling architecture imp of entity mdm_v3_2_16.MB_SRL16E [\MB_SRL16E(c_target=non_rtl,c_st...]
Compiling architecture srl16e_v of entity unisim.SRL16E [\SRL16E(init="0100001010000111")...]
Compiling architecture imp of entity mdm_v3_2_16.MB_SRL16E [\MB_SRL16E(c_target=non_rtl,c_st...]
Compiling architecture srl16e_v of entity unisim.SRL16E [\SRL16E(init="0100010001000011")...]
Compiling architecture imp of entity mdm_v3_2_16.MB_SRL16E [\MB_SRL16E(c_target=non_rtl,c_st...]
Compiling architecture srl16e_v of entity unisim.SRL16E [\SRL16E(init="0101100001001101")...]
Compiling architecture imp of entity mdm_v3_2_16.MB_SRL16E [\MB_SRL16E(c_target=non_rtl,c_st...]
Compiling architecture imp of entity mdm_v3_2_16.JTAG_CONTROL [\JTAG_CONTROL(c_target=non_rtl,c...]
Compiling architecture imp of entity mdm_v3_2_16.MDM_Core [\MDM_Core(c_target=non_rtl,c_jta...]
Compiling architecture imp of entity mdm_v3_2_16.MDM [\MDM(c_family="spartan7",c_bscan...]
Compiling architecture micro_mdm_1_0_arch of entity xil_defaultlib.MICRO_mdm_1_0 [micro_mdm_1_0_default]
Compiling architecture imp of entity microblaze_v11_0_1.DAXI_interface [\DAXI_interface(c_data_size=32,c...]
Compiling architecture and2b1l_v of entity unisim.AND2B1L [and2b1l_default]
Compiling architecture imp of entity microblaze_v11_0_1.MB_AND2B1L [\MB_AND2B1L(c_target=spartan7)\]
Compiling architecture srl16e_v of entity unisim.SRL16E [\SRL16E(init="1111111111111111")...]
Compiling architecture imp of entity microblaze_v11_0_1.MB_SRL16E [\MB_SRL16E(c_target=spartan7,c_u...]
Compiling architecture srl16e_v of entity unisim.SRL16E [\SRL16E(init="0011111111111111")...]
Compiling architecture imp of entity microblaze_v11_0_1.MB_SRL16E [\MB_SRL16E(c_target=spartan7,c_u...]
Compiling architecture srl16e_v of entity unisim.SRL16E [\SRL16E(init="0000000000011011")...]
Compiling architecture imp of entity microblaze_v11_0_1.MB_SRL16E [\MB_SRL16E(c_target=spartan7,c_u...]
Compiling architecture srl16e_v of entity unisim.SRL16E [\SRL16E(15,0)\]
Compiling architecture imp of entity microblaze_v11_0_1.MB_SRL16E [\MB_SRL16E(c_target=spartan7,c_u...]
Compiling architecture srl16e_v of entity unisim.SRL16E [\SRL16E(init="0000000001100100")...]
Compiling architecture imp of entity microblaze_v11_0_1.MB_SRL16E [\MB_SRL16E(c_target=spartan7,c_u...]
Compiling architecture srl16e_v of entity unisim.SRL16E [\SRL16E(init="0010010100000000")...]
Compiling architecture imp of entity microblaze_v11_0_1.MB_SRL16E [\MB_SRL16E(c_target=spartan7,c_u...]
Compiling architecture imp of entity microblaze_v11_0_1.mb_sync_bit [\mb_sync_bit(c_levels=1,c_reset_...]
Compiling architecture imp of entity microblaze_v11_0_1.mb_sync_vec [\mb_sync_vec(c_levels=1,c_reset_...]
Compiling architecture imp of entity microblaze_v11_0_1.mb_sync_bit [\mb_sync_bit(c_levels=1)\]
Compiling architecture imp of entity microblaze_v11_0_1.mb_sync_vec [\mb_sync_vec(c_width=10)\]
Compiling architecture srlc16e_v of entity unisim.SRLC16E [\SRLC16E(0,15)\]
Compiling architecture imp of entity microblaze_v11_0_1.MB_SRLC16E [\MB_SRLC16E(c_target=spartan7,c_...]
Compiling architecture imp of entity microblaze_v11_0_1.address_hit [\address_hit(c_target=spartan7,c...]
Compiling architecture imp of entity microblaze_v11_0_1.Debug [\Debug(c_data_size=32,c_instr_si...]
Compiling architecture imp of entity microblaze_v11_0_1.interrupt_mode_converter [\interrupt_mode_converter(c_edge...]
Compiling architecture lut6_v of entity unisim.LUT6 [\LUT6(init="10010000000010010000...]
Compiling architecture imp of entity microblaze_v11_0_1.MB_LUT6 [\MB_LUT6(c_target=spartan7,init=...]
Compiling architecture lut6_v of entity unisim.LUT6 [\LUT6(init="10010000000010010000...]
Compiling architecture imp of entity microblaze_v11_0_1.MB_LUT6 [\MB_LUT6(c_target=spartan7,init=...]
Compiling architecture imp of entity microblaze_v11_0_1.MB_FDRE [\MB_FDRE(c_target=spartan7)\]
Compiling architecture muxcy_l_v of entity unisim.MUXCY_L [muxcy_l_default]
Compiling architecture imp of entity microblaze_v11_0_1.MB_MUXCY_XORCY [\MB_MUXCY_XORCY(c_target=spartan...]
Compiling architecture muxf7_v of entity unisim.MUXF7 [muxf7_default]
Compiling architecture imp of entity microblaze_v11_0_1.MB_MUXF7 [\MB_MUXF7(c_target=spartan7)\]
Compiling architecture imp of entity microblaze_v11_0_1.MB_FDR [\MB_FDR(c_target=spartan7)\]
Compiling architecture imp of entity microblaze_v11_0_1.PC_Module_gti [\PC_Module_gti(c_data_size=32,c_...]
Compiling architecture lut6_v of entity unisim.LUT6 [\LUT6(init="00000000000000000000...]
Compiling architecture imp of entity microblaze_v11_0_1.MB_LUT6 [\MB_LUT6(c_target=spartan7,init=...]
Compiling architecture lut6_v of entity unisim.LUT6 [\LUT6(init="00000000000000001111...]
Compiling architecture imp of entity microblaze_v11_0_1.MB_LUT6 [\MB_LUT6(c_target=spartan7,init=...]
Compiling architecture lut6_v of entity unisim.LUT6 [\LUT6(init="11111111000000001111...]
Compiling architecture imp of entity microblaze_v11_0_1.MB_LUT6 [\MB_LUT6(c_target=spartan7,init=...]
Compiling architecture fdse_v of entity unisim.FDSE [fdse_default]
Compiling architecture fds_v of entity unisim.FDS [fds_default]
Compiling architecture imp of entity microblaze_v11_0_1.MB_FDS [\MB_FDS(c_target=spartan7)\]
Compiling architecture lut6_v of entity unisim.LUT6 [\LUT6(init="00000000111111110000...]
Compiling architecture imp of entity microblaze_v11_0_1.MB_LUT6 [\MB_LUT6(c_target=spartan7,init=...]
Compiling architecture imp of entity microblaze_v11_0_1.PreFetch_Buffer_gti [\PreFetch_Buffer_gti(c_instr_siz...]
Compiling architecture imp of entity microblaze_v11_0_1.MB_MUXCY [\MB_MUXCY(c_target=spartan7)\]
Compiling architecture imp of entity microblaze_v11_0_1.carry_and [\carry_and(c_target=spartan7)\]
Compiling architecture imp of entity microblaze_v11_0_1.jump_logic [\jump_logic(c_instr_size=32,c_ta...]
Compiling architecture imp of entity microblaze_v11_0_1.carry_or [\carry_or(c_target=spartan7)\]
Compiling architecture imp of entity microblaze_v11_0_1.Decode_gti [\Decode_gti(c_data_size=32,c_ins...]
Compiling architecture lut6_2_v of entity unisim.LUT6_2 [\LUT6_2(init="000000001111111100...]
Compiling architecture imp of entity microblaze_v11_0_1.MB_LUT6_2 [\MB_LUT6_2(c_target=spartan7,ini...]
Compiling architecture ram32m_v of entity unisim.RAM32M [ram32m_default]
Compiling architecture imp of entity microblaze_v11_0_1.MB_RAM32M [\MB_RAM32M(c_target=spartan7,c_u...]
Compiling architecture imp of entity microblaze_v11_0_1.Register_File_gti [\Register_File_gti(c_data_size=3...]
Compiling architecture imp of entity microblaze_v11_0_1.Operand_Select_gti [\Operand_Select_gti(c_data_size=...]
Compiling architecture lut6_2_v of entity unisim.LUT6_2 [\LUT6_2(init="011000000111101010...]
Compiling architecture imp of entity microblaze_v11_0_1.MB_LUT6_2 [\MB_LUT6_2(c_target=spartan7,ini...]
Compiling architecture imp of entity microblaze_v11_0_1.ALU_Bit [\ALU_Bit(c_target=spartan7,c_all...]
Compiling architecture lut6_v of entity unisim.LUT6 [\LUT6(init="01100000011110101010...]
Compiling architecture imp of entity microblaze_v11_0_1.MB_LUT6 [\MB_LUT6(c_target=spartan7,init=...]
Compiling architecture lut4_v of entity unisim.LUT4 [\LUT4(init="1111101000001010")(0...]
Compiling architecture imp of entity microblaze_v11_0_1.MB_LUT4 [\MB_LUT4(c_target=spartan7,init=...]
Compiling architecture mult_and_v of entity unisim.MULT_AND [mult_and_default]
Compiling architecture imp of entity microblaze_v11_0_1.MB_MULT_AND [\MB_MULT_AND(c_target=spartan7)\]
Compiling architecture imp of entity microblaze_v11_0_1.ALU_Bit [\ALU_Bit(c_target=spartan7,c_all...]
Compiling architecture imp of entity microblaze_v11_0_1.ALU [\ALU(c_data_size=32,c_allow_lut6...]
Compiling architecture imp of entity microblaze_v11_0_1.MB_LUT6 [\MB_LUT6(c_target=rtl,init="1100...]
Compiling architecture imp of entity microblaze_v11_0_1.MB_LUT6 [\MB_LUT6(c_target=rtl,init="1100...]
Compiling architecture imp of entity microblaze_v11_0_1.MB_LUT6 [\MB_LUT6(c_target=rtl,init="1100...]
Compiling architecture imp of entity microblaze_v11_0_1.Shift_Logic_Module_gti [\Shift_Logic_Module_gti(c_data_s...]
Compiling architecture imp of entity microblaze_v11_0_1.mul_unit [\mul_unit(c_data_size=32,c_targe...]
Compiling architecture imp of entity microblaze_v11_0_1.Barrel_Shifter_gti [\Barrel_Shifter_gti(c_data_size=...]
Compiling architecture imp of entity microblaze_v11_0_1.WB_Mux_Bit [\WB_Mux_Bit(c_target=spartan7,c_...]
Compiling architecture imp of entity microblaze_v11_0_1.WB_Mux [\WB_Mux(c_data_size=32,c_daddr_s...]
Compiling architecture imp of entity microblaze_v11_0_1.Zero_Detect_gti [\Zero_Detect_gti(c_data_size=32,...]
Compiling architecture imp of entity microblaze_v11_0_1.Byte_Doublet_Handle_gti [\Byte_Doublet_Handle_gti(c_data_...]
Compiling architecture imp of entity microblaze_v11_0_1.Data_Flow_Logic [\Data_Flow_Logic(c_data_size=32,...]
Compiling architecture msr_reg of entity microblaze_v11_0_1.msr_reg_gti [\msr_reg_gti(c_data_size=32,c_ta...]
Compiling architecture lut6_2_v of entity unisim.LUT6_2 [\LUT6_2(init="111111110000000011...]
Compiling architecture imp of entity microblaze_v11_0_1.MB_LUT6_2 [\MB_LUT6_2(c_target=spartan7,ini...]
Compiling architecture imp of entity microblaze_v11_0_1.mux_bus [\mux_bus(c_target=spartan7,c_all...]
Compiling architecture lut6_2_v of entity unisim.LUT6_2 [\LUT6_2(init="100101101001011010...]
Compiling architecture imp of entity microblaze_v11_0_1.MB_LUT6_2 [\MB_LUT6_2(c_target=spartan7,ini...]
Compiling architecture fde_v of entity unisim.FDE [fde_default]
Compiling architecture imp of entity microblaze_v11_0_1.MB_FDE [\MB_FDE(c_target=spartan7)\]
Compiling architecture imp of entity microblaze_v11_0_1.exception_registers_gti [\exception_registers_gti(c_data_...]
Compiling architecture imp of entity microblaze_v11_0_1.Fpu [\Fpu(c_data_size=32,c_target=spa...]
Compiling architecture imp of entity microblaze_v11_0_1.PVR [\PVR(c_data_size=32,c_daddr_size...]
Compiling architecture imp of entity microblaze_v11_0_1.Data_Flow_gti [\Data_Flow_gti(c_data_size=32,c_...]
Compiling architecture imp of entity microblaze_v11_0_1.read_data_mux [\read_data_mux(c_data_size=32,c_...]
Compiling architecture imp of entity microblaze_v11_0_1.instr_mux [\instr_mux(c_instr_size=32,c_tar...]
Compiling architecture imp of entity microblaze_v11_0_1.MMU [\MMU(c_data_size=32,c_daddr_size...]
Compiling architecture imp of entity microblaze_v11_0_1.MicroBlaze_GTi [\MicroBlaze_GTi(c_num_sync_ff_cl...]
Compiling architecture imp of entity microblaze_v11_0_1.mb_sync_bit [mb_sync_bit_default]
Compiling architecture imp of entity microblaze_v11_0_1.MicroBlaze_Core [\MicroBlaze_Core(c_freq=10000000...]
Compiling architecture imp of entity microblaze_v11_0_1.MicroBlaze [\MicroBlaze(c_freq=100000000,c_e...]
Compiling architecture micro_microblaze_0_0_arch of entity xil_defaultlib.MICRO_microblaze_0_0 [micro_microblaze_0_0_default]
Compiling architecture imp of entity lmb_bram_if_cntlr_v4_0_16.pselect_mask [\pselect_mask(c_bar="00000000000...]
Compiling architecture imp of entity lmb_bram_if_cntlr_v4_0_16.lmb_mux [\lmb_mux(c_target=spartan7,c_bas...]
Compiling architecture imp of entity lmb_bram_if_cntlr_v4_0_16.lmb_bram_if_cntlr [\lmb_bram_if_cntlr(c_family="spa...]
Compiling architecture micro_dlmb_bram_if_cntlr_0_arch of entity xil_defaultlib.MICRO_dlmb_bram_if_cntlr_0 [micro_dlmb_bram_if_cntlr_0_defau...]
Compiling architecture imp of entity lmb_v10_v3_0_9.lmb_v10 [\lmb_v10(c_lmb_num_slaves=1)\]
Compiling architecture micro_dlmb_v10_0_arch of entity xil_defaultlib.MICRO_dlmb_v10_0 [micro_dlmb_v10_0_default]
Compiling architecture imp of entity lmb_bram_if_cntlr_v4_0_16.pselect_mask [\pselect_mask(c_bar="00000000000...]
Compiling architecture imp of entity lmb_bram_if_cntlr_v4_0_16.lmb_mux [\lmb_mux(c_target=spartan7,c_bas...]
Compiling architecture imp of entity lmb_bram_if_cntlr_v4_0_16.lmb_bram_if_cntlr [\lmb_bram_if_cntlr(c_family="spa...]
Compiling architecture micro_ilmb_bram_if_cntlr_0_arch of entity xil_defaultlib.MICRO_ilmb_bram_if_cntlr_0 [micro_ilmb_bram_if_cntlr_0_defau...]
Compiling architecture micro_ilmb_v10_0_arch of entity xil_defaultlib.MICRO_ilmb_v10_0 [micro_ilmb_v10_0_default]
Compiling architecture rb36_internal_vhdl_v of entity unisim.RB36_INTERNAL_VHDL [\RB36_INTERNAL_VHDL(init_a="0000...]
Compiling architecture ramb36e1_v of entity unisim.RAMB36E1 [\RAMB36E1(read_width_a=2,read_wi...]
Compiling architecture structure of entity xil_defaultlib.MICRO_lmb_bram_0_blk_mem_gen_prim_wrapper [micro_lmb_bram_0_blk_mem_gen_pri...]
Compiling architecture structure of entity xil_defaultlib.MICRO_lmb_bram_0_blk_mem_gen_prim_width [micro_lmb_bram_0_blk_mem_gen_pri...]
Compiling architecture structure of entity xil_defaultlib.\MICRO_lmb_bram_0_blk_mem_gen_prim_wrapper__parameterized9\ [\MICRO_lmb_bram_0_blk_mem_gen_pr...]
Compiling architecture structure of entity xil_defaultlib.\MICRO_lmb_bram_0_blk_mem_gen_prim_width__parameterized9\ [\MICRO_lmb_bram_0_blk_mem_gen_pr...]
Compiling architecture structure of entity xil_defaultlib.\MICRO_lmb_bram_0_blk_mem_gen_prim_wrapper__parameterized10\ [\MICRO_lmb_bram_0_blk_mem_gen_pr...]
Compiling architecture structure of entity xil_defaultlib.\MICRO_lmb_bram_0_blk_mem_gen_prim_width__parameterized10\ [\MICRO_lmb_bram_0_blk_mem_gen_pr...]
Compiling architecture structure of entity xil_defaultlib.\MICRO_lmb_bram_0_blk_mem_gen_prim_wrapper__parameterized11\ [\MICRO_lmb_bram_0_blk_mem_gen_pr...]
Compiling architecture structure of entity xil_defaultlib.\MICRO_lmb_bram_0_blk_mem_gen_prim_width__parameterized11\ [\MICRO_lmb_bram_0_blk_mem_gen_pr...]
Compiling architecture structure of entity xil_defaultlib.\MICRO_lmb_bram_0_blk_mem_gen_prim_wrapper__parameterized12\ [\MICRO_lmb_bram_0_blk_mem_gen_pr...]
Compiling architecture structure of entity xil_defaultlib.\MICRO_lmb_bram_0_blk_mem_gen_prim_width__parameterized12\ [\MICRO_lmb_bram_0_blk_mem_gen_pr...]
Compiling architecture structure of entity xil_defaultlib.\MICRO_lmb_bram_0_blk_mem_gen_prim_wrapper__parameterized13\ [\MICRO_lmb_bram_0_blk_mem_gen_pr...]
Compiling architecture structure of entity xil_defaultlib.\MICRO_lmb_bram_0_blk_mem_gen_prim_width__parameterized13\ [\MICRO_lmb_bram_0_blk_mem_gen_pr...]
Compiling architecture lut2_v of entity unisim.LUT2 [\LUT2(init="0110")(0,3)\]
Compiling architecture srl16e_v of entity unisim.SRL16E [\SRL16E(0,15)\]
Compiling architecture structure of entity xil_defaultlib.\MICRO_lmb_bram_0_blk_mem_gen_prim_wrapper__parameterized14\ [\MICRO_lmb_bram_0_blk_mem_gen_pr...]
Compiling architecture structure of entity xil_defaultlib.\MICRO_lmb_bram_0_blk_mem_gen_prim_width__parameterized14\ [\MICRO_lmb_bram_0_blk_mem_gen_pr...]
Compiling architecture structure of entity xil_defaultlib.\MICRO_lmb_bram_0_blk_mem_gen_prim_wrapper__parameterized0\ [\MICRO_lmb_bram_0_blk_mem_gen_pr...]
Compiling architecture structure of entity xil_defaultlib.\MICRO_lmb_bram_0_blk_mem_gen_prim_width__parameterized0\ [\MICRO_lmb_bram_0_blk_mem_gen_pr...]
Compiling architecture structure of entity xil_defaultlib.\MICRO_lmb_bram_0_blk_mem_gen_prim_wrapper__parameterized1\ [\MICRO_lmb_bram_0_blk_mem_gen_pr...]
Compiling architecture structure of entity xil_defaultlib.\MICRO_lmb_bram_0_blk_mem_gen_prim_width__parameterized1\ [\MICRO_lmb_bram_0_blk_mem_gen_pr...]
Compiling architecture structure of entity xil_defaultlib.\MICRO_lmb_bram_0_blk_mem_gen_prim_wrapper__parameterized2\ [\MICRO_lmb_bram_0_blk_mem_gen_pr...]
Compiling architecture structure of entity xil_defaultlib.\MICRO_lmb_bram_0_blk_mem_gen_prim_width__parameterized2\ [\MICRO_lmb_bram_0_blk_mem_gen_pr...]
Compiling architecture structure of entity xil_defaultlib.\MICRO_lmb_bram_0_blk_mem_gen_prim_wrapper__parameterized3\ [\MICRO_lmb_bram_0_blk_mem_gen_pr...]
Compiling architecture structure of entity xil_defaultlib.\MICRO_lmb_bram_0_blk_mem_gen_prim_width__parameterized3\ [\MICRO_lmb_bram_0_blk_mem_gen_pr...]
Compiling architecture structure of entity xil_defaultlib.\MICRO_lmb_bram_0_blk_mem_gen_prim_wrapper__parameterized4\ [\MICRO_lmb_bram_0_blk_mem_gen_pr...]
Compiling architecture structure of entity xil_defaultlib.\MICRO_lmb_bram_0_blk_mem_gen_prim_width__parameterized4\ [\MICRO_lmb_bram_0_blk_mem_gen_pr...]
Compiling architecture structure of entity xil_defaultlib.\MICRO_lmb_bram_0_blk_mem_gen_prim_wrapper__parameterized5\ [\MICRO_lmb_bram_0_blk_mem_gen_pr...]
Compiling architecture structure of entity xil_defaultlib.\MICRO_lmb_bram_0_blk_mem_gen_prim_width__parameterized5\ [\MICRO_lmb_bram_0_blk_mem_gen_pr...]
Compiling architecture structure of entity xil_defaultlib.\MICRO_lmb_bram_0_blk_mem_gen_prim_wrapper__parameterized6\ [\MICRO_lmb_bram_0_blk_mem_gen_pr...]
Compiling architecture structure of entity xil_defaultlib.\MICRO_lmb_bram_0_blk_mem_gen_prim_width__parameterized6\ [\MICRO_lmb_bram_0_blk_mem_gen_pr...]
Compiling architecture structure of entity xil_defaultlib.\MICRO_lmb_bram_0_blk_mem_gen_prim_wrapper__parameterized7\ [\MICRO_lmb_bram_0_blk_mem_gen_pr...]
Compiling architecture structure of entity xil_defaultlib.\MICRO_lmb_bram_0_blk_mem_gen_prim_width__parameterized7\ [\MICRO_lmb_bram_0_blk_mem_gen_pr...]
Compiling architecture structure of entity xil_defaultlib.\MICRO_lmb_bram_0_blk_mem_gen_prim_wrapper__parameterized8\ [\MICRO_lmb_bram_0_blk_mem_gen_pr...]
Compiling architecture structure of entity xil_defaultlib.\MICRO_lmb_bram_0_blk_mem_gen_prim_width__parameterized8\ [\MICRO_lmb_bram_0_blk_mem_gen_pr...]
Compiling architecture structure of entity xil_defaultlib.MICRO_lmb_bram_0_blk_mem_gen_generic_cstr [micro_lmb_bram_0_blk_mem_gen_gen...]
Compiling architecture structure of entity xil_defaultlib.MICRO_lmb_bram_0_blk_mem_gen_top [micro_lmb_bram_0_blk_mem_gen_top...]
Compiling architecture structure of entity xil_defaultlib.MICRO_lmb_bram_0_blk_mem_gen_v8_4_3_synth [micro_lmb_bram_0_blk_mem_gen_v8_...]
Compiling architecture structure of entity xil_defaultlib.MICRO_lmb_bram_0_blk_mem_gen_v8_4_3 [micro_lmb_bram_0_blk_mem_gen_v8_...]
Compiling architecture structure of entity xil_defaultlib.MICRO_lmb_bram_0 [micro_lmb_bram_0_default]
Compiling architecture structure of entity xil_defaultlib.microblaze_0_local_memory_imp_15R0ZTE [microblaze_0_local_memory_imp_15...]
Compiling architecture fdre_v of entity unisim.FDRE [\FDRE(init='1')\]
Compiling architecture implementation of entity lib_cdc_v1_0_2.cdc_sync [\cdc_sync(c_vector_width=2,c_mtb...]
Compiling architecture srl16e_v of entity unisim.SRL16E [\SRL16E(init="1111111111111111")...]
Compiling architecture srl16_v of entity unisim.SRL16 [\SRL16(init="1111111111111111")(...]
Compiling architecture imp of entity proc_sys_reset_v5_0_13.lpf [\lpf(c_ext_rst_width=4,c_aux_rst...]
Compiling architecture imp of entity proc_sys_reset_v5_0_13.upcnt_n [\upcnt_n(c_size=6)\]
Compiling architecture imp of entity proc_sys_reset_v5_0_13.sequence_psr [sequence_psr_default]
Compiling architecture imp of entity proc_sys_reset_v5_0_13.proc_sys_reset [\proc_sys_reset(c_family="sparta...]
Compiling architecture micro_rst_clk_wiz_1_100m_0_arch of entity xil_defaultlib.MICRO_rst_clk_wiz_1_100M_0 [micro_rst_clk_wiz_1_100m_0_defau...]
Compiling architecture structure of entity xil_defaultlib.MICRO [micro_default]
Compiling architecture structure of entity xil_defaultlib.micro_wrapper
Built simulation snapshot MICRO_wrapper_behav
